[0.098s] Invoking command in '/home/ubuntu/Desktop/Differential-Drive-ROS2/mob_diff_bot/build/mob_diff_bot': CMAKE_PREFIX_PATH=${CMAKE_PREFIX_PATH}:/home/ubuntu/ros2_ws/install/nav2_simple_commander:/opt/ros/foxy /usr/bin/cmake --build /home/ubuntu/Desktop/Differential-Drive-ROS2/mob_diff_bot/build/mob_diff_bot -- -j4 -l4
[0.290s] Invoked command in '/home/ubuntu/Desktop/Differential-Drive-ROS2/mob_diff_bot/build/mob_diff_bot' returned '0': CMAKE_PREFIX_PATH=${CMAKE_PREFIX_PATH}:/home/ubuntu/ros2_ws/install/nav2_simple_commander:/opt/ros/foxy /usr/bin/cmake --build /home/ubuntu/Desktop/Differential-Drive-ROS2/mob_diff_bot/build/mob_diff_bot -- -j4 -l4
[0.455s] Invoking command in '/home/ubuntu/Desktop/Differential-Drive-ROS2/mob_diff_bot/build/mob_diff_bot': CMAKE_PREFIX_PATH=${CMAKE_PREFIX_PATH}:/home/ubuntu/ros2_ws/install/nav2_simple_commander:/opt/ros/foxy /usr/bin/cmake --install /home/ubuntu/Desktop/Differential-Drive-ROS2/mob_diff_bot/build/mob_diff_bot
[0.493s] -- Install configuration: ""
[0.495s] -- Execute custom install script
[0.498s] -- Up-to-date symlink: /home/ubuntu/Desktop/Differential-Drive-ROS2/mob_diff_bot/install/mob_diff_bot/share/mob_diff_bot/config/empty.yaml
[0.500s] -- Up-to-date symlink: /home/ubuntu/Desktop/Differential-Drive-ROS2/mob_diff_bot/install/mob_diff_bot/share/mob_diff_bot/description/depth_camera.xacro
[0.501s] -- Up-to-date symlink: /home/ubuntu/Desktop/Differential-Drive-ROS2/mob_diff_bot/install/mob_diff_bot/share/mob_diff_bot/description/gazebo_control.xacro
[0.502s] -- Up-to-date symlink: /home/ubuntu/Desktop/Differential-Drive-ROS2/mob_diff_bot/install/mob_diff_bot/share/mob_diff_bot/description/inertial_macros.xacro
[0.503s] -- Up-to-date symlink: /home/ubuntu/Desktop/Differential-Drive-ROS2/mob_diff_bot/install/mob_diff_bot/share/mob_diff_bot/description/lidar.xacro
[0.504s] -- Up-to-date symlink: /home/ubuntu/Desktop/Differential-Drive-ROS2/mob_diff_bot/install/mob_diff_bot/share/mob_diff_bot/description/materials.xacro
[0.505s] -- Up-to-date symlink: /home/ubuntu/Desktop/Differential-Drive-ROS2/mob_diff_bot/install/mob_diff_bot/share/mob_diff_bot/description/mob_diff_bot_core.xacro
[0.506s] -- Up-to-date symlink: /home/ubuntu/Desktop/Differential-Drive-ROS2/mob_diff_bot/install/mob_diff_bot/share/mob_diff_bot/description/mob_diff_bot_urdf.xacro
[0.507s] -- Up-to-date symlink: /home/ubuntu/Desktop/Differential-Drive-ROS2/mob_diff_bot/install/mob_diff_bot/share/mob_diff_bot/description/mpu_6050.xacro
[0.508s] -- Symlinking: /home/ubuntu/Desktop/Differential-Drive-ROS2/mob_diff_bot/install/mob_diff_bot/share/mob_diff_bot/description/wheel.xacro
[0.549s] -- Up-to-date symlink: /home/ubuntu/Desktop/Differential-Drive-ROS2/mob_diff_bot/install/mob_diff_bot/share/mob_diff_bot/launch/mob_diff_bot.launch.py
[0.550s] -- Up-to-date symlink: /home/ubuntu/Desktop/Differential-Drive-ROS2/mob_diff_bot/install/mob_diff_bot/share/mob_diff_bot/launch/mod_diff_bot_sim.launch.py
[0.551s] -- Up-to-date symlink: /home/ubuntu/Desktop/Differential-Drive-ROS2/mob_diff_bot/install/mob_diff_bot/share/mob_diff_bot/launch/ydlidar.launch.py
[0.555s] -- Up-to-date symlink: /home/ubuntu/Desktop/Differential-Drive-ROS2/mob_diff_bot/install/mob_diff_bot/share/ament_index/resource_index/package_run_dependencies/mob_diff_bot
[0.556s] -- Up-to-date symlink: /home/ubuntu/Desktop/Differential-Drive-ROS2/mob_diff_bot/install/mob_diff_bot/share/ament_index/resource_index/parent_prefix_path/mob_diff_bot
[0.558s] -- Up-to-date symlink: /home/ubuntu/Desktop/Differential-Drive-ROS2/mob_diff_bot/install/mob_diff_bot/share/mob_diff_bot/environment/ament_prefix_path.sh
[0.562s] -- Up-to-date symlink: /home/ubuntu/Desktop/Differential-Drive-ROS2/mob_diff_bot/install/mob_diff_bot/share/mob_diff_bot/environment/ament_prefix_path.dsv
[0.563s] -- Up-to-date symlink: /home/ubuntu/Desktop/Differential-Drive-ROS2/mob_diff_bot/install/mob_diff_bot/share/mob_diff_bot/environment/path.sh
[0.565s] -- Up-to-date symlink: /home/ubuntu/Desktop/Differential-Drive-ROS2/mob_diff_bot/install/mob_diff_bot/share/mob_diff_bot/environment/path.dsv
[0.567s] -- Up-to-date symlink: /home/ubuntu/Desktop/Differential-Drive-ROS2/mob_diff_bot/install/mob_diff_bot/share/mob_diff_bot/local_setup.bash
[0.569s] -- Up-to-date symlink: /home/ubuntu/Desktop/Differential-Drive-ROS2/mob_diff_bot/install/mob_diff_bot/share/mob_diff_bot/local_setup.sh
[0.570s] -- Up-to-date symlink: /home/ubuntu/Desktop/Differential-Drive-ROS2/mob_diff_bot/install/mob_diff_bot/share/mob_diff_bot/local_setup.zsh
[0.572s] -- Up-to-date symlink: /home/ubuntu/Desktop/Differential-Drive-ROS2/mob_diff_bot/install/mob_diff_bot/share/mob_diff_bot/local_setup.dsv
[0.573s] -- Symlinking: /home/ubuntu/Desktop/Differential-Drive-ROS2/mob_diff_bot/install/mob_diff_bot/share/mob_diff_bot/package.dsv
[0.616s] -- Up-to-date symlink: /home/ubuntu/Desktop/Differential-Drive-ROS2/mob_diff_bot/install/mob_diff_bot/share/ament_index/resource_index/packages/mob_diff_bot
[0.618s] -- Up-to-date symlink: /home/ubuntu/Desktop/Differential-Drive-ROS2/mob_diff_bot/install/mob_diff_bot/share/mob_diff_bot/cmake/mob_diff_botConfig.cmake
[0.620s] -- Up-to-date symlink: /home/ubuntu/Desktop/Differential-Drive-ROS2/mob_diff_bot/install/mob_diff_bot/share/mob_diff_bot/cmake/mob_diff_botConfig-version.cmake
[0.622s] -- Up-to-date symlink: /home/ubuntu/Desktop/Differential-Drive-ROS2/mob_diff_bot/install/mob_diff_bot/share/mob_diff_bot/package.xml
[0.641s] Invoked command in '/home/ubuntu/Desktop/Differential-Drive-ROS2/mob_diff_bot/build/mob_diff_bot' returned '0': CMAKE_PREFIX_PATH=${CMAKE_PREFIX_PATH}:/home/ubuntu/ros2_ws/install/nav2_simple_commander:/opt/ros/foxy /usr/bin/cmake --install /home/ubuntu/Desktop/Differential-Drive-ROS2/mob_diff_bot/build/mob_diff_bot
