[0.643s] DEBUG:colcon:Command line arguments: ['/usr/bin/colcon', 'build', '--symlink-install']
[0.643s] DEBUG:colcon:Parsed command line arguments: Namespace(allow_overriding=[], ament_cmake_args=None, base_paths=['.'], build_base='build', catkin_cmake_args=None, catkin_skip_building_tests=False, cmake_args=None, cmake_clean_cache=False, cmake_clean_first=False, cmake_force_configure=False, cmake_target=None, cmake_target_skip_unavailable=False, continue_on_error=False, event_handlers=None, executor='parallel', ignore_user_meta=False, install_base='install', log_base=None, log_level=None, main=<bound method BuildVerb.main of <colcon_core.verb.build.BuildVerb object at 0xffff87576c70>>, merge_install=False, metas=['./colcon.meta'], packages_above=None, packages_above_and_dependencies=None, packages_above_depth=None, packages_end=None, packages_ignore=None, packages_ignore_regex=None, packages_select=None, packages_select_build_failed=False, packages_select_by_dep=None, packages_select_regex=None, packages_select_test_failures=False, packages_skip=None, packages_skip_build_finished=False, packages_skip_by_dep=None, packages_skip_regex=None, packages_skip_test_passed=False, packages_skip_up_to=None, packages_start=None, packages_up_to=None, packages_up_to_regex=None, parallel_workers=4, paths=None, symlink_install=True, test_result_base=None, verb_extension=<colcon_core.verb.build.BuildVerb object at 0xffff87576c70>, verb_name='build', verb_parser=<colcon_defaults.argument_parser.defaults.DefaultArgumentsDecorator object at 0xffff8757f220>)
[0.749s] Level 1:colcon.colcon_core.package_discovery:discover_packages(colcon_meta) check parameters
[0.749s] Level 1:colcon.colcon_core.package_discovery:discover_packages(recursive) check parameters
[0.750s] Level 1:colcon.colcon_core.package_discovery:discover_packages(ignore) check parameters
[0.750s] Level 1:colcon.colcon_core.package_discovery:discover_packages(path) check parameters
[0.750s] Level 1:colcon.colcon_core.package_discovery:discover_packages(colcon_meta) discover
[0.750s] Level 1:colcon.colcon_core.package_discovery:discover_packages(recursive) discover
[0.750s] INFO:colcon.colcon_core.package_discovery:Crawling recursively for packages in '/home/ubuntu/Desktop/Differential-Drive-ROS2/mob_diff_bot'
[0.751s] Level 1:colcon.colcon_core.package_identification:_identify(.) by extensions ['ignore', 'ignore_ament_install']
[0.751s] Level 1:colcon.colcon_core.package_identification:_identify(.) by extension 'ignore'
[0.751s] Level 1:colcon.colcon_core.package_identification:_identify(.) by extension 'ignore_ament_install'
[0.752s] Level 1:colcon.colcon_core.package_identification:_identify(.) by extensions ['colcon_pkg']
[0.752s] Level 1:colcon.colcon_core.package_identification:_identify(.) by extension 'colcon_pkg'
[0.752s] Level 1:colcon.colcon_core.package_identification:_identify(.) by extensions ['colcon_meta']
[0.752s] Level 1:colcon.colcon_core.package_identification:_identify(.) by extension 'colcon_meta'
[0.752s] Level 1:colcon.colcon_core.package_identification:_identify(.) by extensions ['ros']
[0.752s] Level 1:colcon.colcon_core.package_identification:_identify(.) by extension 'ros'
[0.824s] DEBUG:colcon.colcon_core.package_identification:Package '.' with type 'ros.ament_cmake' and name 'mob_diff_bot'
[0.824s] Level 1:colcon.colcon_core.package_discovery:discover_packages(recursive) using defaults
[0.825s] Level 1:colcon.colcon_core.package_discovery:discover_packages(ignore) discover
[0.825s] Level 1:colcon.colcon_core.package_discovery:discover_packages(ignore) using defaults
[0.825s] Level 1:colcon.colcon_core.package_discovery:discover_packages(path) discover
[0.825s] Level 1:colcon.colcon_core.package_discovery:discover_packages(path) using defaults
[0.945s] Level 1:colcon.colcon_core.package_discovery:discover_packages(prefix_path) check parameters
[0.946s] Level 1:colcon.colcon_core.package_discovery:discover_packages(prefix_path) discover
[0.965s] DEBUG:colcon.colcon_installed_package_information.package_discovery:Found 1 installed packages in /home/ubuntu/ros2_ws/ydlidar_ros2_ws/install
[0.972s] DEBUG:colcon.colcon_installed_package_information.package_discovery:Found 16 installed packages in /home/ubuntu/ros2_ws/install
[0.984s] DEBUG:colcon.colcon_installed_package_information.package_discovery:Found 344 installed packages in /opt/ros/foxy
[0.995s] Level 1:colcon.colcon_core.package_discovery:discover_packages(prefix_path) using defaults
[1.607s] Level 5:colcon.colcon_core.verb:set package 'mob_diff_bot' build argument 'cmake_args' from command line to 'None'
[1.607s] Level 5:colcon.colcon_core.verb:set package 'mob_diff_bot' build argument 'cmake_target' from command line to 'None'
[1.607s] Level 5:colcon.colcon_core.verb:set package 'mob_diff_bot' build argument 'cmake_target_skip_unavailable' from command line to 'False'
[1.607s] Level 5:colcon.colcon_core.verb:set package 'mob_diff_bot' build argument 'cmake_clean_cache' from command line to 'False'
[1.607s] Level 5:colcon.colcon_core.verb:set package 'mob_diff_bot' build argument 'cmake_clean_first' from command line to 'False'
[1.608s] Level 5:colcon.colcon_core.verb:set package 'mob_diff_bot' build argument 'cmake_force_configure' from command line to 'False'
[1.608s] Level 5:colcon.colcon_core.verb:set package 'mob_diff_bot' build argument 'ament_cmake_args' from command line to 'None'
[1.608s] Level 5:colcon.colcon_core.verb:set package 'mob_diff_bot' build argument 'catkin_cmake_args' from command line to 'None'
[1.608s] Level 5:colcon.colcon_core.verb:set package 'mob_diff_bot' build argument 'catkin_skip_building_tests' from command line to 'False'
[1.608s] DEBUG:colcon.colcon_core.verb:Building package 'mob_diff_bot' with the following arguments: {'ament_cmake_args': None, 'build_base': '/home/ubuntu/Desktop/Differential-Drive-ROS2/mob_diff_bot/build/mob_diff_bot', 'catkin_cmake_args': None, 'catkin_skip_building_tests': False, 'cmake_args': None, 'cmake_clean_cache': False, 'cmake_clean_first': False, 'cmake_force_configure': False, 'cmake_target': None, 'cmake_target_skip_unavailable': False, 'install_base': '/home/ubuntu/Desktop/Differential-Drive-ROS2/mob_diff_bot/install/mob_diff_bot', 'merge_install': False, 'path': '/home/ubuntu/Desktop/Differential-Drive-ROS2/mob_diff_bot', 'symlink_install': True, 'test_result_base': None}
[1.612s] INFO:colcon.colcon_core.executor:Executing jobs using 'parallel' executor
[1.632s] DEBUG:colcon.colcon_parallel_executor.executor.parallel:run_until_complete
[1.634s] INFO:colcon.colcon_ros.task.ament_cmake.build:Building ROS package in '/home/ubuntu/Desktop/Differential-Drive-ROS2/mob_diff_bot' with build type 'ament_cmake'
[1.634s] INFO:colcon.colcon_cmake.task.cmake.build:Building CMake package in '/home/ubuntu/Desktop/Differential-Drive-ROS2/mob_diff_bot'
[1.665s] INFO:colcon.colcon_core.plugin_system:Skipping extension 'colcon_core.shell.bat': Not used on non-Windows systems
[1.666s] INFO:colcon.colcon_core.shell:Skip shell extension 'powershell' for command environment: Not usable outside of PowerShell
[1.666s] DEBUG:colcon.colcon_core.shell:Skip shell extension 'dsv' for command environment
[1.739s] DEBUG:colcon.colcon_core.event_handler.log_command:Invoking command in '/home/ubuntu/Desktop/Differential-Drive-ROS2/mob_diff_bot/build/mob_diff_bot': CMAKE_PREFIX_PATH=${CMAKE_PREFIX_PATH}:/home/ubuntu/ros2_ws/install/nav2_simple_commander:/opt/ros/foxy /usr/bin/cmake --build /home/ubuntu/Desktop/Differential-Drive-ROS2/mob_diff_bot/build/mob_diff_bot -- -j4 -l4
[5.796s] DEBUG:colcon.colcon_core.event_handler.log_command:Invoked command in '/home/ubuntu/Desktop/Differential-Drive-ROS2/mob_diff_bot/build/mob_diff_bot' returned '0': CMAKE_PREFIX_PATH=${CMAKE_PREFIX_PATH}:/home/ubuntu/ros2_ws/install/nav2_simple_commander:/opt/ros/foxy /usr/bin/cmake --build /home/ubuntu/Desktop/Differential-Drive-ROS2/mob_diff_bot/build/mob_diff_bot -- -j4 -l4
[5.977s] DEBUG:colcon.colcon_core.event_handler.log_command:Invoking command in '/home/ubuntu/Desktop/Differential-Drive-ROS2/mob_diff_bot/build/mob_diff_bot': CMAKE_PREFIX_PATH=${CMAKE_PREFIX_PATH}:/home/ubuntu/ros2_ws/install/nav2_simple_commander:/opt/ros/foxy /usr/bin/cmake --install /home/ubuntu/Desktop/Differential-Drive-ROS2/mob_diff_bot/build/mob_diff_bot
[6.169s] Level 1:colcon.colcon_core.environment:create_environment_scripts_only(mob_diff_bot)
[6.172s] DEBUG:colcon.colcon_core.event_handler.log_command:Invoked command in '/home/ubuntu/Desktop/Differential-Drive-ROS2/mob_diff_bot/build/mob_diff_bot' returned '0': CMAKE_PREFIX_PATH=${CMAKE_PREFIX_PATH}:/home/ubuntu/ros2_ws/install/nav2_simple_commander:/opt/ros/foxy /usr/bin/cmake --install /home/ubuntu/Desktop/Differential-Drive-ROS2/mob_diff_bot/build/mob_diff_bot
[6.207s] Level 1:colcon.colcon_core.environment:checking '/home/ubuntu/Desktop/Differential-Drive-ROS2/mob_diff_bot/install/mob_diff_bot' for CMake module files
[6.210s] Level 1:colcon.colcon_core.environment:checking '/home/ubuntu/Desktop/Differential-Drive-ROS2/mob_diff_bot/install/mob_diff_bot' for CMake config files
[6.214s] Level 1:colcon.colcon_core.shell:create_environment_hook('mob_diff_bot', 'cmake_prefix_path')
[6.224s] INFO:colcon.colcon_core.shell:Creating environment hook '/home/ubuntu/Desktop/Differential-Drive-ROS2/mob_diff_bot/install/mob_diff_bot/share/mob_diff_bot/hook/cmake_prefix_path.ps1'
[6.228s] INFO:colcon.colcon_core.shell:Creating environment descriptor '/home/ubuntu/Desktop/Differential-Drive-ROS2/mob_diff_bot/install/mob_diff_bot/share/mob_diff_bot/hook/cmake_prefix_path.dsv'
[6.233s] INFO:colcon.colcon_core.shell:Creating environment hook '/home/ubuntu/Desktop/Differential-Drive-ROS2/mob_diff_bot/install/mob_diff_bot/share/mob_diff_bot/hook/cmake_prefix_path.sh'
[6.242s] Level 1:colcon.colcon_core.environment:checking '/home/ubuntu/Desktop/Differential-Drive-ROS2/mob_diff_bot/install/mob_diff_bot/bin'
[6.243s] Level 1:colcon.colcon_core.environment:checking '/home/ubuntu/Desktop/Differential-Drive-ROS2/mob_diff_bot/install/mob_diff_bot/lib/pkgconfig/mob_diff_bot.pc'
[6.244s] Level 1:colcon.colcon_core.environment:checking '/home/ubuntu/Desktop/Differential-Drive-ROS2/mob_diff_bot/install/mob_diff_bot/lib/python3.8/site-packages'
[6.247s] Level 1:colcon.colcon_core.environment:checking '/home/ubuntu/Desktop/Differential-Drive-ROS2/mob_diff_bot/install/mob_diff_bot/bin'
[6.258s] INFO:colcon.colcon_core.shell:Creating package script '/home/ubuntu/Desktop/Differential-Drive-ROS2/mob_diff_bot/install/mob_diff_bot/share/mob_diff_bot/package.ps1'
[6.264s] INFO:colcon.colcon_core.shell:Creating package descriptor '/home/ubuntu/Desktop/Differential-Drive-ROS2/mob_diff_bot/install/mob_diff_bot/share/mob_diff_bot/package.dsv'
[6.269s] INFO:colcon.colcon_core.shell:Creating package script '/home/ubuntu/Desktop/Differential-Drive-ROS2/mob_diff_bot/install/mob_diff_bot/share/mob_diff_bot/package.sh'
[6.273s] INFO:colcon.colcon_core.shell:Creating package script '/home/ubuntu/Desktop/Differential-Drive-ROS2/mob_diff_bot/install/mob_diff_bot/share/mob_diff_bot/package.bash'
[6.278s] INFO:colcon.colcon_core.shell:Creating package script '/home/ubuntu/Desktop/Differential-Drive-ROS2/mob_diff_bot/install/mob_diff_bot/share/mob_diff_bot/package.zsh'
[6.282s] Level 1:colcon.colcon_core.environment:create_file_with_runtime_dependencies(/home/ubuntu/Desktop/Differential-Drive-ROS2/mob_diff_bot/install/mob_diff_bot/share/colcon-core/packages/mob_diff_bot)
[6.416s] Level 1:colcon.colcon_core.environment:create_environment_scripts_only(mob_diff_bot)
[6.427s] Level 1:colcon.colcon_core.environment:checking '/home/ubuntu/Desktop/Differential-Drive-ROS2/mob_diff_bot/install/mob_diff_bot' for CMake module files
[6.431s] Level 1:colcon.colcon_core.environment:checking '/home/ubuntu/Desktop/Differential-Drive-ROS2/mob_diff_bot/install/mob_diff_bot' for CMake config files
[6.435s] Level 1:colcon.colcon_core.shell:create_environment_hook('mob_diff_bot', 'cmake_prefix_path')
[6.443s] INFO:colcon.colcon_core.shell:Creating environment hook '/home/ubuntu/Desktop/Differential-Drive-ROS2/mob_diff_bot/install/mob_diff_bot/share/mob_diff_bot/hook/cmake_prefix_path.ps1'
[6.446s] INFO:colcon.colcon_core.shell:Creating environment descriptor '/home/ubuntu/Desktop/Differential-Drive-ROS2/mob_diff_bot/install/mob_diff_bot/share/mob_diff_bot/hook/cmake_prefix_path.dsv'
[6.448s] INFO:colcon.colcon_core.shell:Creating environment hook '/home/ubuntu/Desktop/Differential-Drive-ROS2/mob_diff_bot/install/mob_diff_bot/share/mob_diff_bot/hook/cmake_prefix_path.sh'
[6.451s] Level 1:colcon.colcon_core.environment:checking '/home/ubuntu/Desktop/Differential-Drive-ROS2/mob_diff_bot/install/mob_diff_bot/bin'
[6.452s] Level 1:colcon.colcon_core.environment:checking '/home/ubuntu/Desktop/Differential-Drive-ROS2/mob_diff_bot/install/mob_diff_bot/lib/pkgconfig/mob_diff_bot.pc'
[6.453s] Level 1:colcon.colcon_core.environment:checking '/home/ubuntu/Desktop/Differential-Drive-ROS2/mob_diff_bot/install/mob_diff_bot/lib/python3.8/site-packages'
[6.455s] Level 1:colcon.colcon_core.environment:checking '/home/ubuntu/Desktop/Differential-Drive-ROS2/mob_diff_bot/install/mob_diff_bot/bin'
[6.463s] INFO:colcon.colcon_core.shell:Creating package script '/home/ubuntu/Desktop/Differential-Drive-ROS2/mob_diff_bot/install/mob_diff_bot/share/mob_diff_bot/package.ps1'
[6.465s] INFO:colcon.colcon_core.shell:Creating package descriptor '/home/ubuntu/Desktop/Differential-Drive-ROS2/mob_diff_bot/install/mob_diff_bot/share/mob_diff_bot/package.dsv'
[6.468s] INFO:colcon.colcon_core.shell:Creating package script '/home/ubuntu/Desktop/Differential-Drive-ROS2/mob_diff_bot/install/mob_diff_bot/share/mob_diff_bot/package.sh'
[6.471s] INFO:colcon.colcon_core.shell:Creating package script '/home/ubuntu/Desktop/Differential-Drive-ROS2/mob_diff_bot/install/mob_diff_bot/share/mob_diff_bot/package.bash'
[6.474s] INFO:colcon.colcon_core.shell:Creating package script '/home/ubuntu/Desktop/Differential-Drive-ROS2/mob_diff_bot/install/mob_diff_bot/share/mob_diff_bot/package.zsh'
[6.477s] Level 1:colcon.colcon_core.environment:create_file_with_runtime_dependencies(/home/ubuntu/Desktop/Differential-Drive-ROS2/mob_diff_bot/install/mob_diff_bot/share/colcon-core/packages/mob_diff_bot)
[6.479s] DEBUG:colcon.colcon_parallel_executor.executor.parallel:closing loop
[6.480s] DEBUG:colcon.colcon_parallel_executor.executor.parallel:loop closed
[6.480s] DEBUG:colcon.colcon_parallel_executor.executor.parallel:run_until_complete finished with '0'
[6.481s] DEBUG:colcon.colcon_core.event_reactor:joining thread
[6.527s] INFO:colcon.colcon_core.plugin_system:Skipping extension 'colcon_notification.desktop_notification.terminal_notifier': Not used on non-Darwin systems
[6.528s] INFO:colcon.colcon_core.plugin_system:Skipping extension 'colcon_notification.desktop_notification.win32': Not used on non-Windows systems
[6.528s] INFO:colcon.colcon_notification.desktop_notification:Sending desktop notification using 'notify2'
[6.620s] DEBUG:colcon.colcon_core.event_reactor:joined thread
[6.630s] INFO:colcon.colcon_core.shell:Creating prefix script '/home/ubuntu/Desktop/Differential-Drive-ROS2/mob_diff_bot/install/local_setup.ps1'
[6.646s] INFO:colcon.colcon_core.shell:Creating prefix util module '/home/ubuntu/Desktop/Differential-Drive-ROS2/mob_diff_bot/install/_local_setup_util_ps1.py'
[6.667s] INFO:colcon.colcon_core.shell:Creating prefix chain script '/home/ubuntu/Desktop/Differential-Drive-ROS2/mob_diff_bot/install/setup.ps1'
[6.690s] INFO:colcon.colcon_core.shell:Creating prefix script '/home/ubuntu/Desktop/Differential-Drive-ROS2/mob_diff_bot/install/local_setup.sh'
[6.705s] INFO:colcon.colcon_core.shell:Creating prefix util module '/home/ubuntu/Desktop/Differential-Drive-ROS2/mob_diff_bot/install/_local_setup_util_sh.py'
[6.708s] INFO:colcon.colcon_core.shell:Creating prefix chain script '/home/ubuntu/Desktop/Differential-Drive-ROS2/mob_diff_bot/install/setup.sh'
[6.730s] INFO:colcon.colcon_core.shell:Creating prefix script '/home/ubuntu/Desktop/Differential-Drive-ROS2/mob_diff_bot/install/local_setup.bash'
[6.734s] INFO:colcon.colcon_core.shell:Creating prefix chain script '/home/ubuntu/Desktop/Differential-Drive-ROS2/mob_diff_bot/install/setup.bash'
[6.746s] INFO:colcon.colcon_core.shell:Creating prefix script '/home/ubuntu/Desktop/Differential-Drive-ROS2/mob_diff_bot/install/local_setup.zsh'
[6.756s] INFO:colcon.colcon_core.shell:Creating prefix chain script '/home/ubuntu/Desktop/Differential-Drive-ROS2/mob_diff_bot/install/setup.zsh'
