[0.105s] Invoking command in '/home/ubuntu/Desktop/Differential-Drive-ROS2/mob_diff_bot/build/mob_diff_bot': CMAKE_PREFIX_PATH=${CMAKE_PREFIX_PATH}:/home/ubuntu/ros2_ws/install/nav2_simple_commander:/opt/ros/foxy /usr/bin/cmake --build /home/ubuntu/Desktop/Differential-Drive-ROS2/mob_diff_bot/build/mob_diff_bot -- -j4 -l4
[0.491s] -- Found ament_cmake: 0.9.9 (/opt/ros/foxy/share/ament_cmake/cmake)
[0.633s] -- Using PYTHON_EXECUTABLE: /usr/bin/python3
[1.472s] -- Override CMake install command with custom implementation using symlinks instead of copying resources
[1.531s] -- Found ament_lint_auto: 0.9.6 (/opt/ros/foxy/share/ament_lint_auto/cmake)
[1.868s] -- Added test 'copyright' to check source files copyright and LICENSE
[2.045s] -- Added test 'cppcheck' to perform static code analysis on C / C++ code
[2.045s] -- Configured cppcheck include dirs: 
[2.046s] -- Configured cppcheck exclude dirs and/or files: 
[2.223s] -- Added test 'cpplint' to check C / C++ code against the Google style
[2.224s] -- Configured cpplint exclude dirs and/or files: 
[2.247s] -- Added test 'flake8' to check Python code syntax and style conventions
[2.292s] -- Added test 'lint_cmake' to check CMake code style
[2.316s] -- Added test 'pep257' to check Python code against some of the style conventions in PEP 257
[2.495s] -- Added test 'uncrustify' to check C / C++ code style
[2.495s] -- Configured uncrustify additional arguments: 
[2.518s] -- Added test 'xmllint' to check XML markup files
[2.531s] -- Configuring done
[2.565s] -- Generating done
[2.572s] -- Build files have been written to: /home/ubuntu/Desktop/Differential-Drive-ROS2/mob_diff_bot/build/mob_diff_bot
[2.665s] Invoked command in '/home/ubuntu/Desktop/Differential-Drive-ROS2/mob_diff_bot/build/mob_diff_bot' returned '0': CMAKE_PREFIX_PATH=${CMAKE_PREFIX_PATH}:/home/ubuntu/ros2_ws/install/nav2_simple_commander:/opt/ros/foxy /usr/bin/cmake --build /home/ubuntu/Desktop/Differential-Drive-ROS2/mob_diff_bot/build/mob_diff_bot -- -j4 -l4
[2.831s] Invoking command in '/home/ubuntu/Desktop/Differential-Drive-ROS2/mob_diff_bot/build/mob_diff_bot': CMAKE_PREFIX_PATH=${CMAKE_PREFIX_PATH}:/home/ubuntu/ros2_ws/install/nav2_simple_commander:/opt/ros/foxy /usr/bin/cmake --install /home/ubuntu/Desktop/Differential-Drive-ROS2/mob_diff_bot/build/mob_diff_bot
[2.870s] -- Install configuration: ""
[2.871s] -- Execute custom install script
[2.874s] -- Up-to-date symlink: /home/ubuntu/Desktop/Differential-Drive-ROS2/mob_diff_bot/install/mob_diff_bot/share/mob_diff_bot/config/empty.yaml
[2.876s] -- Symlinking: /home/ubuntu/Desktop/Differential-Drive-ROS2/mob_diff_bot/install/mob_diff_bot/share/mob_diff_bot/description/Robot_Assembly.urdf
[2.914s] -- Up-to-date symlink: /home/ubuntu/Desktop/Differential-Drive-ROS2/mob_diff_bot/install/mob_diff_bot/share/mob_diff_bot/description/depth_camera.xacro
[2.915s] -- Up-to-date symlink: /home/ubuntu/Desktop/Differential-Drive-ROS2/mob_diff_bot/install/mob_diff_bot/share/mob_diff_bot/description/gazebo_control.xacro
[2.916s] -- Up-to-date symlink: /home/ubuntu/Desktop/Differential-Drive-ROS2/mob_diff_bot/install/mob_diff_bot/share/mob_diff_bot/description/inertial_macros.xacro
[2.917s] -- Up-to-date symlink: /home/ubuntu/Desktop/Differential-Drive-ROS2/mob_diff_bot/install/mob_diff_bot/share/mob_diff_bot/description/lidar.xacro
[2.918s] -- Up-to-date symlink: /home/ubuntu/Desktop/Differential-Drive-ROS2/mob_diff_bot/install/mob_diff_bot/share/mob_diff_bot/description/materials.xacro
[2.919s] -- Up-to-date symlink: /home/ubuntu/Desktop/Differential-Drive-ROS2/mob_diff_bot/install/mob_diff_bot/share/mob_diff_bot/description/mob_diff_bot_core.xacro
[2.920s] -- Up-to-date symlink: /home/ubuntu/Desktop/Differential-Drive-ROS2/mob_diff_bot/install/mob_diff_bot/share/mob_diff_bot/description/mob_diff_bot_urdf.xacro
[2.921s] -- Up-to-date symlink: /home/ubuntu/Desktop/Differential-Drive-ROS2/mob_diff_bot/install/mob_diff_bot/share/mob_diff_bot/description/mpu_6050.xacro
[2.922s] -- Up-to-date symlink: /home/ubuntu/Desktop/Differential-Drive-ROS2/mob_diff_bot/install/mob_diff_bot/share/mob_diff_bot/description/wheel.xacro
[2.924s] -- Up-to-date symlink: /home/ubuntu/Desktop/Differential-Drive-ROS2/mob_diff_bot/install/mob_diff_bot/share/mob_diff_bot/launch/mob_diff_bot.launch.py
[2.925s] -- Up-to-date symlink: /home/ubuntu/Desktop/Differential-Drive-ROS2/mob_diff_bot/install/mob_diff_bot/share/mob_diff_bot/launch/mod_diff_bot_sim.launch.py
[2.926s] -- Up-to-date symlink: /home/ubuntu/Desktop/Differential-Drive-ROS2/mob_diff_bot/install/mob_diff_bot/share/mob_diff_bot/launch/ydlidar.launch.py
[2.929s] -- Symlinking: /home/ubuntu/Desktop/Differential-Drive-ROS2/mob_diff_bot/install/mob_diff_bot/share/mob_diff_bot/meshes/Front_castor_Link.STL
[2.969s] -- Symlinking: /home/ubuntu/Desktop/Differential-Drive-ROS2/mob_diff_bot/install/mob_diff_bot/share/mob_diff_bot/meshes/Imu_Link.STL
[3.006s] -- Symlinking: /home/ubuntu/Desktop/Differential-Drive-ROS2/mob_diff_bot/install/mob_diff_bot/share/mob_diff_bot/meshes/Laser_Frame.STL
[3.046s] -- Symlinking: /home/ubuntu/Desktop/Differential-Drive-ROS2/mob_diff_bot/install/mob_diff_bot/share/mob_diff_bot/meshes/Rear_castor_Link.STL
[3.082s] -- Symlinking: /home/ubuntu/Desktop/Differential-Drive-ROS2/mob_diff_bot/install/mob_diff_bot/share/mob_diff_bot/meshes/base_link.STL
[3.119s] -- Symlinking: /home/ubuntu/Desktop/Differential-Drive-ROS2/mob_diff_bot/install/mob_diff_bot/share/mob_diff_bot/meshes/left_wheel_Link.STL
[3.158s] -- Symlinking: /home/ubuntu/Desktop/Differential-Drive-ROS2/mob_diff_bot/install/mob_diff_bot/share/mob_diff_bot/meshes/right_wheel_Link.STL
[3.197s] -- Up-to-date symlink: /home/ubuntu/Desktop/Differential-Drive-ROS2/mob_diff_bot/install/mob_diff_bot/share/ament_index/resource_index/package_run_dependencies/mob_diff_bot
[3.199s] -- Up-to-date symlink: /home/ubuntu/Desktop/Differential-Drive-ROS2/mob_diff_bot/install/mob_diff_bot/share/ament_index/resource_index/parent_prefix_path/mob_diff_bot
[3.201s] -- Up-to-date symlink: /home/ubuntu/Desktop/Differential-Drive-ROS2/mob_diff_bot/install/mob_diff_bot/share/mob_diff_bot/environment/ament_prefix_path.sh
[3.202s] -- Up-to-date symlink: /home/ubuntu/Desktop/Differential-Drive-ROS2/mob_diff_bot/install/mob_diff_bot/share/mob_diff_bot/environment/ament_prefix_path.dsv
[3.203s] -- Up-to-date symlink: /home/ubuntu/Desktop/Differential-Drive-ROS2/mob_diff_bot/install/mob_diff_bot/share/mob_diff_bot/environment/path.sh
[3.205s] -- Up-to-date symlink: /home/ubuntu/Desktop/Differential-Drive-ROS2/mob_diff_bot/install/mob_diff_bot/share/mob_diff_bot/environment/path.dsv
[3.206s] -- Up-to-date symlink: /home/ubuntu/Desktop/Differential-Drive-ROS2/mob_diff_bot/install/mob_diff_bot/share/mob_diff_bot/local_setup.bash
[3.208s] -- Up-to-date symlink: /home/ubuntu/Desktop/Differential-Drive-ROS2/mob_diff_bot/install/mob_diff_bot/share/mob_diff_bot/local_setup.sh
[3.209s] -- Up-to-date symlink: /home/ubuntu/Desktop/Differential-Drive-ROS2/mob_diff_bot/install/mob_diff_bot/share/mob_diff_bot/local_setup.zsh
[3.211s] -- Up-to-date symlink: /home/ubuntu/Desktop/Differential-Drive-ROS2/mob_diff_bot/install/mob_diff_bot/share/mob_diff_bot/local_setup.dsv
[3.212s] -- Symlinking: /home/ubuntu/Desktop/Differential-Drive-ROS2/mob_diff_bot/install/mob_diff_bot/share/mob_diff_bot/package.dsv
[3.252s] -- Up-to-date symlink: /home/ubuntu/Desktop/Differential-Drive-ROS2/mob_diff_bot/install/mob_diff_bot/share/ament_index/resource_index/packages/mob_diff_bot
[3.253s] -- Up-to-date symlink: /home/ubuntu/Desktop/Differential-Drive-ROS2/mob_diff_bot/install/mob_diff_bot/share/mob_diff_bot/cmake/mob_diff_botConfig.cmake
[3.255s] -- Up-to-date symlink: /home/ubuntu/Desktop/Differential-Drive-ROS2/mob_diff_bot/install/mob_diff_bot/share/mob_diff_bot/cmake/mob_diff_botConfig-version.cmake
[3.256s] -- Up-to-date symlink: /home/ubuntu/Desktop/Differential-Drive-ROS2/mob_diff_bot/install/mob_diff_bot/share/mob_diff_bot/package.xml
[3.263s] Invoked command in '/home/ubuntu/Desktop/Differential-Drive-ROS2/mob_diff_bot/build/mob_diff_bot' returned '0': CMAKE_PREFIX_PATH=${CMAKE_PREFIX_PATH}:/home/ubuntu/ros2_ws/install/nav2_simple_commander:/opt/ros/foxy /usr/bin/cmake --install /home/ubuntu/Desktop/Differential-Drive-ROS2/mob_diff_bot/build/mob_diff_bot
