[0.103s] Invoking command in '/home/ubuntu/Desktop/Differential-Drive-ROS2/mob_diff_bot/build/mob_diff_bot': CMAKE_PREFIX_PATH=${CMAKE_PREFIX_PATH}:/home/ubuntu/ros2_ws/install/nav2_simple_commander:/opt/ros/foxy /usr/bin/cmake --build /home/ubuntu/Desktop/Differential-Drive-ROS2/mob_diff_bot/build/mob_diff_bot -- -j4 -l4
[0.456s] -- Found ament_cmake: 0.9.9 (/opt/ros/foxy/share/ament_cmake/cmake)
[0.642s] -- Using PYTHON_EXECUTABLE: /usr/bin/python3
[2.652s] -- Override CMake install command with custom implementation using symlinks instead of copying resources
[2.762s] -- Found ament_lint_auto: 0.9.6 (/opt/ros/foxy/share/ament_lint_auto/cmake)
[3.218s] -- Added test 'copyright' to check source files copyright and LICENSE
[3.430s] -- Added test 'cppcheck' to perform static code analysis on C / C++ code
[3.431s] -- Configured cppcheck include dirs: 
[3.432s] -- Configured cppcheck exclude dirs and/or files: 
[3.648s] -- Added test 'cpplint' to check C / C++ code against the Google style
[3.649s] -- Configured cpplint exclude dirs and/or files: 
[3.674s] -- Added test 'flake8' to check Python code syntax and style conventions
[3.736s] -- Added test 'lint_cmake' to check CMake code style
[3.782s] -- Added test 'pep257' to check Python code against some of the style conventions in PEP 257
[3.998s] -- Added test 'uncrustify' to check C / C++ code style
[3.998s] -- Configured uncrustify additional arguments: 
[4.022s] -- Added test 'xmllint' to check XML markup files
[4.034s] -- Configuring done
[4.059s] -- Generating done
[4.064s] -- Build files have been written to: /home/ubuntu/Desktop/Differential-Drive-ROS2/mob_diff_bot/build/mob_diff_bot
[4.159s] Invoked command in '/home/ubuntu/Desktop/Differential-Drive-ROS2/mob_diff_bot/build/mob_diff_bot' returned '0': CMAKE_PREFIX_PATH=${CMAKE_PREFIX_PATH}:/home/ubuntu/ros2_ws/install/nav2_simple_commander:/opt/ros/foxy /usr/bin/cmake --build /home/ubuntu/Desktop/Differential-Drive-ROS2/mob_diff_bot/build/mob_diff_bot -- -j4 -l4
[4.339s] Invoking command in '/home/ubuntu/Desktop/Differential-Drive-ROS2/mob_diff_bot/build/mob_diff_bot': CMAKE_PREFIX_PATH=${CMAKE_PREFIX_PATH}:/home/ubuntu/ros2_ws/install/nav2_simple_commander:/opt/ros/foxy /usr/bin/cmake --install /home/ubuntu/Desktop/Differential-Drive-ROS2/mob_diff_bot/build/mob_diff_bot
[4.376s] -- Install configuration: ""
[4.377s] -- Execute custom install script
[4.381s] -- Up-to-date symlink: /home/ubuntu/Desktop/Differential-Drive-ROS2/mob_diff_bot/install/mob_diff_bot/share/mob_diff_bot/config/empty.yaml
[4.382s] -- Symlinking: /home/ubuntu/Desktop/Differential-Drive-ROS2/mob_diff_bot/install/mob_diff_bot/share/mob_diff_bot/config/mob_diff_bot.rviz
[4.429s] -- Up-to-date symlink: /home/ubuntu/Desktop/Differential-Drive-ROS2/mob_diff_bot/install/mob_diff_bot/share/mob_diff_bot/description/depth_camera.xacro
[4.430s] -- Up-to-date symlink: /home/ubuntu/Desktop/Differential-Drive-ROS2/mob_diff_bot/install/mob_diff_bot/share/mob_diff_bot/description/gazebo_control.xacro
[4.433s] -- Up-to-date symlink: /home/ubuntu/Desktop/Differential-Drive-ROS2/mob_diff_bot/install/mob_diff_bot/share/mob_diff_bot/description/inertial_macros.xacro
[4.436s] -- Up-to-date symlink: /home/ubuntu/Desktop/Differential-Drive-ROS2/mob_diff_bot/install/mob_diff_bot/share/mob_diff_bot/description/lidar.xacro
[4.439s] -- Up-to-date symlink: /home/ubuntu/Desktop/Differential-Drive-ROS2/mob_diff_bot/install/mob_diff_bot/share/mob_diff_bot/description/materials.xacro
[4.441s] -- Up-to-date symlink: /home/ubuntu/Desktop/Differential-Drive-ROS2/mob_diff_bot/install/mob_diff_bot/share/mob_diff_bot/description/mob_diff_bot_core.xacro
[4.444s] -- Up-to-date symlink: /home/ubuntu/Desktop/Differential-Drive-ROS2/mob_diff_bot/install/mob_diff_bot/share/mob_diff_bot/description/mob_diff_bot_urdf.xacro
[4.446s] -- Up-to-date symlink: /home/ubuntu/Desktop/Differential-Drive-ROS2/mob_diff_bot/install/mob_diff_bot/share/mob_diff_bot/description/mpu_6050.xacro
[4.458s] -- Up-to-date symlink: /home/ubuntu/Desktop/Differential-Drive-ROS2/mob_diff_bot/install/mob_diff_bot/share/mob_diff_bot/description/wheel.xacro
[4.459s] -- Up-to-date symlink: /home/ubuntu/Desktop/Differential-Drive-ROS2/mob_diff_bot/install/mob_diff_bot/share/mob_diff_bot/launch/mob_diff_bot.launch.py
[4.460s] -- Up-to-date symlink: /home/ubuntu/Desktop/Differential-Drive-ROS2/mob_diff_bot/install/mob_diff_bot/share/mob_diff_bot/launch/mod_diff_bot_sim.launch.py
[4.465s] -- Up-to-date symlink: /home/ubuntu/Desktop/Differential-Drive-ROS2/mob_diff_bot/install/mob_diff_bot/share/mob_diff_bot/launch/ydlidar.launch.py
[4.466s] -- Up-to-date symlink: /home/ubuntu/Desktop/Differential-Drive-ROS2/mob_diff_bot/install/mob_diff_bot/share/ament_index/resource_index/package_run_dependencies/mob_diff_bot
[4.466s] -- Up-to-date symlink: /home/ubuntu/Desktop/Differential-Drive-ROS2/mob_diff_bot/install/mob_diff_bot/share/ament_index/resource_index/parent_prefix_path/mob_diff_bot
[4.468s] -- Up-to-date symlink: /home/ubuntu/Desktop/Differential-Drive-ROS2/mob_diff_bot/install/mob_diff_bot/share/mob_diff_bot/environment/ament_prefix_path.sh
[4.470s] -- Up-to-date symlink: /home/ubuntu/Desktop/Differential-Drive-ROS2/mob_diff_bot/install/mob_diff_bot/share/mob_diff_bot/environment/ament_prefix_path.dsv
[4.473s] -- Up-to-date symlink: /home/ubuntu/Desktop/Differential-Drive-ROS2/mob_diff_bot/install/mob_diff_bot/share/mob_diff_bot/environment/path.sh
[4.475s] -- Up-to-date symlink: /home/ubuntu/Desktop/Differential-Drive-ROS2/mob_diff_bot/install/mob_diff_bot/share/mob_diff_bot/environment/path.dsv
[4.476s] -- Up-to-date symlink: /home/ubuntu/Desktop/Differential-Drive-ROS2/mob_diff_bot/install/mob_diff_bot/share/mob_diff_bot/local_setup.bash
[4.481s] -- Up-to-date symlink: /home/ubuntu/Desktop/Differential-Drive-ROS2/mob_diff_bot/install/mob_diff_bot/share/mob_diff_bot/local_setup.sh
[4.481s] -- Up-to-date symlink: /home/ubuntu/Desktop/Differential-Drive-ROS2/mob_diff_bot/install/mob_diff_bot/share/mob_diff_bot/local_setup.zsh
[4.482s] -- Up-to-date symlink: /home/ubuntu/Desktop/Differential-Drive-ROS2/mob_diff_bot/install/mob_diff_bot/share/mob_diff_bot/local_setup.dsv
[4.483s] -- Symlinking: /home/ubuntu/Desktop/Differential-Drive-ROS2/mob_diff_bot/install/mob_diff_bot/share/mob_diff_bot/package.dsv
[4.523s] -- Up-to-date symlink: /home/ubuntu/Desktop/Differential-Drive-ROS2/mob_diff_bot/install/mob_diff_bot/share/ament_index/resource_index/packages/mob_diff_bot
[4.524s] -- Up-to-date symlink: /home/ubuntu/Desktop/Differential-Drive-ROS2/mob_diff_bot/install/mob_diff_bot/share/mob_diff_bot/cmake/mob_diff_botConfig.cmake
[4.526s] -- Up-to-date symlink: /home/ubuntu/Desktop/Differential-Drive-ROS2/mob_diff_bot/install/mob_diff_bot/share/mob_diff_bot/cmake/mob_diff_botConfig-version.cmake
[4.527s] -- Up-to-date symlink: /home/ubuntu/Desktop/Differential-Drive-ROS2/mob_diff_bot/install/mob_diff_bot/share/mob_diff_bot/package.xml
[4.536s] Invoked command in '/home/ubuntu/Desktop/Differential-Drive-ROS2/mob_diff_bot/build/mob_diff_bot' returned '0': CMAKE_PREFIX_PATH=${CMAKE_PREFIX_PATH}:/home/ubuntu/ros2_ws/install/nav2_simple_commander:/opt/ros/foxy /usr/bin/cmake --install /home/ubuntu/Desktop/Differential-Drive-ROS2/mob_diff_bot/build/mob_diff_bot
