-- The C compiler identification is GNU 9.4.0
-- The CXX compiler identification is GNU 9.4.0
-- Check for working C compiler: /usr/bin/cc
-- Check for working C compiler: /usr/bin/cc -- works
-- Detecting C compiler ABI info
-- Detecting C compiler ABI info - done
-- Detecting C compile features
-- Detecting C compile features - done
-- Check for working CXX compiler: /usr/bin/c++
-- Check for working CXX compiler: /usr/bin/c++ -- works
-- Detecting CXX compiler ABI info
-- Detecting CXX compiler ABI info - done
-- Detecting CXX compile features
-- Detecting CXX compile features - done
-- Found ament_cmake: 0.9.9 (/opt/ros/foxy/share/ament_cmake/cmake)
-- Found PythonInterp: /usr/bin/python3 (found suitable version "3.8.10", minimum required is "3") 
-- Using PYTHON_EXECUTABLE: /usr/bin/python3
-- Override CMake install command with custom implementation using symlinks instead of copying resources
-- Found ament_lint_auto: 0.9.6 (/opt/ros/foxy/share/ament_lint_auto/cmake)
-- Added test 'copyright' to check source files copyright and LICENSE
-- Added test 'cppcheck' to perform static code analysis on C / C++ code
-- Configured cppcheck include dirs: 
-- Configured cppcheck exclude dirs and/or files: 
-- Added test 'cpplint' to check C / C++ code against the Google style
-- Configured cpplint exclude dirs and/or files: 
-- Added test 'flake8' to check Python code syntax and style conventions
-- Added test 'lint_cmake' to check CMake code style
-- Added test 'pep257' to check Python code against some of the style conventions in PEP 257
-- Added test 'uncrustify' to check C / C++ code style
-- Configured uncrustify additional arguments: 
-- Added test 'xmllint' to check XML markup files
-- Configuring done
-- Generating done
-- Build files have been written to: /home/ubuntu/Desktop/Differential-Drive-ROS2/mob_diff_bot/build/mob_diff_bot
-- Install configuration: ""
-- Execute custom install script
-- Symlinking: /home/ubuntu/Desktop/Differential-Drive-ROS2/mob_diff_bot/install/mob_diff_bot/share/mob_diff_bot/config/empty.yaml
-- Symlinking: /home/ubuntu/Desktop/Differential-Drive-ROS2/mob_diff_bot/install/mob_diff_bot/share/mob_diff_bot/description/depth_camera.xacro
-- Symlinking: /home/ubuntu/Desktop/Differential-Drive-ROS2/mob_diff_bot/install/mob_diff_bot/share/mob_diff_bot/description/gazebo_control.xacro
-- Symlinking: /home/ubuntu/Desktop/Differential-Drive-ROS2/mob_diff_bot/install/mob_diff_bot/share/mob_diff_bot/description/inertial_macros.xacro
-- Symlinking: /home/ubuntu/Desktop/Differential-Drive-ROS2/mob_diff_bot/install/mob_diff_bot/share/mob_diff_bot/description/lidar.xacro
-- Symlinking: /home/ubuntu/Desktop/Differential-Drive-ROS2/mob_diff_bot/install/mob_diff_bot/share/mob_diff_bot/description/materials.xacro
-- Symlinking: /home/ubuntu/Desktop/Differential-Drive-ROS2/mob_diff_bot/install/mob_diff_bot/share/mob_diff_bot/description/mob_diff_bot_core.xacro
-- Symlinking: /home/ubuntu/Desktop/Differential-Drive-ROS2/mob_diff_bot/install/mob_diff_bot/share/mob_diff_bot/description/mob_diff_bot_urdf.xacro
-- Symlinking: /home/ubuntu/Desktop/Differential-Drive-ROS2/mob_diff_bot/install/mob_diff_bot/share/mob_diff_bot/description/mpu_6050.xacro
-- Symlinking: /home/ubuntu/Desktop/Differential-Drive-ROS2/mob_diff_bot/install/mob_diff_bot/share/mob_diff_bot/launch/mob_diff_bot.launch.py
-- Symlinking: /home/ubuntu/Desktop/Differential-Drive-ROS2/mob_diff_bot/install/mob_diff_bot/share/mob_diff_bot/launch/mod_diff_bot_sim.launch.py
-- Symlinking: /home/ubuntu/Desktop/Differential-Drive-ROS2/mob_diff_bot/install/mob_diff_bot/share/mob_diff_bot/launch/ydlidar.launch.py
-- Symlinking: /home/ubuntu/Desktop/Differential-Drive-ROS2/mob_diff_bot/install/mob_diff_bot/share/ament_index/resource_index/package_run_dependencies/mob_diff_bot
-- Symlinking: /home/ubuntu/Desktop/Differential-Drive-ROS2/mob_diff_bot/install/mob_diff_bot/share/ament_index/resource_index/parent_prefix_path/mob_diff_bot
-- Symlinking: /home/ubuntu/Desktop/Differential-Drive-ROS2/mob_diff_bot/install/mob_diff_bot/share/mob_diff_bot/environment/ament_prefix_path.sh
-- Symlinking: /home/ubuntu/Desktop/Differential-Drive-ROS2/mob_diff_bot/install/mob_diff_bot/share/mob_diff_bot/environment/ament_prefix_path.dsv
-- Symlinking: /home/ubuntu/Desktop/Differential-Drive-ROS2/mob_diff_bot/install/mob_diff_bot/share/mob_diff_bot/environment/path.sh
-- Symlinking: /home/ubuntu/Desktop/Differential-Drive-ROS2/mob_diff_bot/install/mob_diff_bot/share/mob_diff_bot/environment/path.dsv
-- Symlinking: /home/ubuntu/Desktop/Differential-Drive-ROS2/mob_diff_bot/install/mob_diff_bot/share/mob_diff_bot/local_setup.bash
-- Symlinking: /home/ubuntu/Desktop/Differential-Drive-ROS2/mob_diff_bot/install/mob_diff_bot/share/mob_diff_bot/local_setup.sh
-- Symlinking: /home/ubuntu/Desktop/Differential-Drive-ROS2/mob_diff_bot/install/mob_diff_bot/share/mob_diff_bot/local_setup.zsh
-- Symlinking: /home/ubuntu/Desktop/Differential-Drive-ROS2/mob_diff_bot/install/mob_diff_bot/share/mob_diff_bot/local_setup.dsv
-- Symlinking: /home/ubuntu/Desktop/Differential-Drive-ROS2/mob_diff_bot/install/mob_diff_bot/share/mob_diff_bot/package.dsv
-- Symlinking: /home/ubuntu/Desktop/Differential-Drive-ROS2/mob_diff_bot/install/mob_diff_bot/share/ament_index/resource_index/packages/mob_diff_bot
-- Symlinking: /home/ubuntu/Desktop/Differential-Drive-ROS2/mob_diff_bot/install/mob_diff_bot/share/mob_diff_bot/cmake/mob_diff_botConfig.cmake
-- Symlinking: /home/ubuntu/Desktop/Differential-Drive-ROS2/mob_diff_bot/install/mob_diff_bot/share/mob_diff_bot/cmake/mob_diff_botConfig-version.cmake
-- Symlinking: /home/ubuntu/Desktop/Differential-Drive-ROS2/mob_diff_bot/install/mob_diff_bot/share/mob_diff_bot/package.xml
